JukeDJ2/app/libs/facebook-android-sdk-4.2.0/samples/Iconicus/build/intermediates/proguard-rules/release/aapt_rules.txt
# view AndroidManifest.xml #generated:66
-keep class com.facebook.FacebookActivity { <init>(...); }

# view AndroidManifest.xml #generated:35
-keep class com.facebook.iconicus.MainActivity { <init>(...); }

# view res/layout/activity_main.xml #generated:118
-keep class com.facebook.share.widget.SendButton { <init>(...); }

# view res/layout/activity_main.xml #generated:112
-keep class com.facebook.share.widget.ShareButton { <init>(...); }