JukeDJ2/app/libs/facebook-android-sdk-4.2.0/samples/Iconicus/build/outputs/mapping/release/seeds.txt
com.facebook.share.internal.ShareDialogFeature: com.facebook.share.internal.ShareDialogFeature[] values()
com.facebook.share.internal.ShareDialogFeature: com.facebook.share.internal.ShareDialogFeature valueOf(java.lang.String)
com.facebook.share.model.AppGroupCreationContent
com.facebook.share.model.AppGroupCreationContent$AppGroupPrivacy: com.facebook.share.model.AppGroupCreationContent$AppGroupPrivacy[] values()
com.facebook.share.model.AppGroupCreationContent$AppGroupPrivacy: com.facebook.share.model.AppGroupCreationContent$AppGroupPrivacy valueOf(java.lang.String)
com.facebook.share.model.AppInviteContent
com.facebook.share.model.GameRequestContent
com.facebook.share.model.GameRequestContent$ActionType: com.facebook.share.model.GameRequestContent$ActionType[] values()
com.facebook.share.model.GameRequestContent$ActionType: com.facebook.share.model.GameRequestContent$ActionType valueOf(java.lang.String)
com.facebook.share.model.GameRequestContent$Filters: com.facebook.share.model.GameRequestContent$Filters[] values()
com.facebook.share.model.GameRequestContent$Filters: com.facebook.share.model.GameRequestContent$Filters valueOf(java.lang.String)
com.facebook.share.model.ShareContent
com.facebook.share.model.ShareLinkContent
com.facebook.share.model.ShareLinkContent: android.os.Parcelable$Creator CREATOR
com.facebook.share.model.ShareMedia
com.facebook.share.model.ShareModel
com.facebook.share.model.ShareOpenGraphAction
com.facebook.share.model.ShareOpenGraphAction: android.os.Parcelable$Creator CREATOR
com.facebook.share.model.ShareOpenGraphContent
com.facebook.share.model.ShareOpenGraphContent: android.os.Parcelable$Creator CREATOR
com.facebook.share.model.ShareOpenGraphObject
com.facebook.share.model.ShareOpenGraphObject: android.os.Parcelable$Creator CREATOR
com.facebook.share.model.ShareOpenGraphValueContainer
com.facebook.share.model.SharePhoto
com.facebook.share.model.SharePhoto: android.os.Parcelable$Creator CREATOR
com.facebook.share.model.SharePhotoContent
com.facebook.share.model.SharePhotoContent: android.os.Parcelable$Creator CREATOR
com.facebook.share.model.ShareVideo
com.facebook.share.model.ShareVideo: android.os.Parcelable$Creator CREATOR
com.facebook.share.model.ShareVideoContent
com.facebook.share.model.ShareVideoContent: android.os.Parcelable$Creator CREATOR
com.facebook.share.widget.LikeView: void setLikeViewStyle(com.facebook.share.widget.LikeView$Style)
com.facebook.share.widget.LikeView: void setAuxiliaryViewPosition(com.facebook.share.widget.LikeView$AuxiliaryViewPosition)
com.facebook.share.widget.LikeView: void setHorizontalAlignment(com.facebook.share.widget.LikeView$HorizontalAlignment)
com.facebook.share.widget.LikeView: void setForegroundColor(int)
com.facebook.share.widget.LikeView: void setOnErrorListener(com.facebook.share.widget.LikeView$OnErrorListener)
com.facebook.share.widget.LikeView: com.facebook.share.widget.LikeView$OnErrorListener getOnErrorListener()
com.facebook.share.widget.LikeView: void setFragment(android.support.v4.app.Fragment)
com.facebook.share.widget.LikeView: void setEnabled(boolean)
com.facebook.share.widget.LikeView: android.app.Activity getActivity()
com.facebook.share.widget.LikeView: android.os.Bundle getAnalyticsParameters()
com.facebook.share.widget.LikeView$AuxiliaryViewPosition: com.facebook.share.widget.LikeView$AuxiliaryViewPosition[] values()
com.facebook.share.widget.LikeView$AuxiliaryViewPosition: com.facebook.share.widget.LikeView$AuxiliaryViewPosition valueOf(java.lang.String)
com.facebook.share.widget.LikeView$HorizontalAlignment: com.facebook.share.widget.LikeView$HorizontalAlignment[] values()
com.facebook.share.widget.LikeView$HorizontalAlignment: com.facebook.share.widget.LikeView$HorizontalAlignment valueOf(java.lang.String)
com.facebook.share.widget.LikeView$ObjectType: com.facebook.share.widget.LikeView$ObjectType[] values()
com.facebook.share.widget.LikeView$ObjectType: com.facebook.share.widget.LikeView$ObjectType valueOf(java.lang.String)