JukeDJ2/app/libs/facebook-android-sdk-4.2.0/samples/Iconicus/build/outputs/mapping/release/usage.txt
com.facebook.iconicus.R$layout
com.facebook.iconicus.R$string
com.facebook.iconicus.R$style
com.facebook.iconicus.R$styleable
com.facebook.internal.AnalyticsEvents
com.facebook.internal.AppCall:
    42:51:public static synchronized com.facebook.internal.AppCall finishPendingCall(java.util.UUID,int)
    116:117:public void setRequestCode(int)
com.facebook.internal.AppEventsLoggerUtility:
    38:40:public AppEventsLoggerUtility()
com.facebook.internal.AttributionIdentifiers:
    private static final java.lang.String ATTRIBUTION_ID_CONTENT_PROVIDER
    private static final java.lang.String ATTRIBUTION_ID_CONTENT_PROVIDER_WAKIZASHI
    private static final java.lang.String ATTRIBUTION_ID_COLUMN_NAME
    private static final java.lang.String ANDROID_ID_COLUMN_NAME
    private static final java.lang.String LIMIT_TRACKING_COLUMN_NAME
    private static final int CONNECTION_RESULT_SUCCESS
    private static final long IDENTIFIER_REFRESH_INTERVAL_MILLIS
com.facebook.internal.BoltsMeasurementEventListener:
    private static final java.lang.String MEASUREMENT_EVENT_NOTIFICATION_NAME
    private static final java.lang.String MEASUREMENT_EVENT_NAME_KEY
    private static final java.lang.String MEASUREMENT_EVENT_ARGS_KEY
    private static final java.lang.String BOLTS_MEASUREMENT_EVENT_PREFIX
com.facebook.internal.BundleJSONConverter:
    39:131:public BundleJSONConverter()
    137:171:public static org.json.JSONObject convertToJSON(android.os.Bundle)
com.facebook.internal.BundleJSONConverter$1:
    49:50:public void setOnJSON(org.json.JSONObject,java.lang.String,java.lang.Object)
com.facebook.internal.BundleJSONConverter$2:
    58:59:public void setOnJSON(org.json.JSONObject,java.lang.String,java.lang.Object)
com.facebook.internal.BundleJSONConverter$3:
    67:68:public void setOnJSON(org.json.JSONObject,java.lang.String,java.lang.Object)
com.facebook.internal.BundleJSONConverter$4:
    76:77:public void setOnJSON(org.json.JSONObject,java.lang.String,java.lang.Object)
com.facebook.internal.BundleJSONConverter$5:
    85:86:public void setOnJSON(org.json.JSONObject,java.lang.String,java.lang.Object)
com.facebook.internal.BundleJSONConverter$6:
    94:99:public void setOnJSON(org.json.JSONObject,java.lang.String,java.lang.Object)
com.facebook.internal.BundleJSONConverter$7:
    126:126:public void setOnJSON(org.json.JSONObject,java.lang.String,java.lang.Object)
com.facebook.internal.BundleJSONConverter$Setter:
    public abstract void setOnJSON(org.json.JSONObject,java.lang.String,java.lang.Object)
com.facebook.internal.CallbackManagerImpl:
    private java.util.Map callbacks
    36:91:public CallbackManagerImpl()
    57:57:private static synchronized com.facebook.internal.CallbackManagerImpl$Callback getStaticCallback(java.lang.Integer)
    64:68:private static boolean runStaticCallback(int,int,android.content.Intent)
    74:76:public void registerCallback(int,com.facebook.internal.CallbackManagerImpl$Callback)
    80:84:public boolean onActivityResult(int,int,android.content.Intent)
com.facebook.internal.CallbackManagerImpl$Callback:
    public abstract boolean onActivityResult(int,android.content.Intent)
com.facebook.internal.CollectionMapper
com.facebook.internal.CollectionMapper$1
com.facebook.internal.CollectionMapper$2
com.facebook.internal.CollectionMapper$Collection
com.facebook.internal.CollectionMapper$OnErrorListener
com.facebook.internal.CollectionMapper$OnMapValueCompleteListener
com.facebook.internal.CollectionMapper$OnMapperCompleteListener
com.facebook.internal.CollectionMapper$ValueMapper